Collecting matplotlib
  Downloading matplotlib-3.10.9-cp314-cp314-win_amd64.whl.metadata (52 kB)
Collecting seaborn
  Downloading seaborn-0.13.2-py3-none-any.whl.metadata (5.4 kB)
Collecting contourpy>=1.0.1 (from matplotlib)
  Downloading contourpy-1.3.3-cp314-cp314-win_amd64.whl.metadata (5.5 kB)
Collecting cycler>=0.10 (from matplotlib)
  Downloading cycler-0.12.1-py3-none-any.whl.metadata (3.8 kB)
Collecting fonttools>=4.22.0 (from matplotlib)
  Downloading fonttools-4.63.0-cp314-cp314-win_amd64.whl.metadata (121 kB)
Collecting kiwisolver>=1.3.1 (from matplotlib)
  Downloading kiwisolver-1.5.0-cp314-cp314-win_amd64.whl.metadata (5.2 kB)
Requirement already satisfied: numpy>=1.23 in C:\Users\USER\AppData\Local\Programs\Python\Python314\Lib\site-packages (from matplotlib) (2.4.6)
Collecting packaging>=20.0 (from matplotlib)
  Downloading packaging-26.2-py3-none-any.whl.metadata (3.5 kB)
Collecting pillow>=8 (from matplotlib)
  Downloading pillow-12.2.0-cp314-cp314-win_amd64.whl.metadata (9.0 kB)
Collecting pyparsing>=3 (from matplotlib)
  Downloading pyparsing-3.3.2-py3-none-any.whl.metadata (5.8 kB)
Requirement already satisfied: python-dateutil>=2.7 in C:\Users\USER\AppData\Local\Programs\Python\Python314\Lib\site-packages (from matplotlib) (2.9.0.post0)
Requirement already satisfied: pandas>=1.2 in C:\Users\USER\AppData\Local\Programs\Python\Python314\Lib\site-packages (from seaborn) (3.0.3)
Requirement already satisfied: tzdata in C:\Users\USER\AppData\Local\Programs\Python\Python314\Lib\site-packages (from pandas>=1.2->seaborn) (2026.2)
Requirement already satisfied: six>=1.5 in C:\Users\USER\AppData\Local\Programs\Python\Python314\Lib\site-packages (from python-dateutil>=2.7->matplotlib) (1.17.0)
Downloading matplotlib-3.10.9-cp314-cp314-win_amd64.whl (8.3 MB)
   ---------------------------------------- 8.3/8.3 MB 3.5 MB/s  0:00:02
Downloading seaborn-0.13.2-py3-none-any.whl (294 kB)
Downloading contourpy-1.3.3-cp314-cp314-win_amd64.whl (232 kB)
Downloading cycler-0.12.1-py3-none-any.whl (8.3 kB)
Downloading fonttools-4.63.0-cp314-cp314-win_amd64.whl (2.3 MB)
   ---------------------------------------- 2.3/2.3 MB 3.8 MB/s  0:00:00
Downloading kiwisolver-1.5.0-cp314-cp314-win_amd64.whl (75 kB)
Downloading packaging-26.2-py3-none-any.whl (100 kB)
Downloading pillow-12.2.0-cp314-cp314-win_amd64.whl (7.2 MB)
   ---------------------------------------- 7.2/7.2 MB 3.4 MB/s  0:00:02
Downloading pyparsing-3.3.2-py3-none-any.whl (122 kB)
Installing collected packages: pyparsing, pillow, packaging, kiwisolver, fonttools, cycler, contourpy, matplotlib, seaborn

Successfully installed contourpy-1.3.3 cycler-0.12.1 fonttools-4.63.0 kiwisolver-1.5.0 matplotlib-3.10.9 packaging-26.2 pillow-12.2.0 pyparsing-3.3.2 seaborn-0.13.2
