Checking file existence: True
Sheet names: ['Sheet1']

==================================================
Sheet Name: Sheet1
==================================================
Shape: (802, 10) (rows, columns)

Columns and Data Types:
Thesis        str
Unnamed: 1    str
Unnamed: 2    str
Unnamed: 3    str
Unnamed: 4    str
Unnamed: 5    str
Unnamed: 6    str
Unnamed: 7    str
Unnamed: 8    str
Unnamed: 9    str
dtype: object

Missing Values Summary:
Thesis         12
Unnamed: 1     14
Unnamed: 2     62
Unnamed: 3     13
Unnamed: 4     45
Unnamed: 5     92
Unnamed: 6    181
Unnamed: 7    177
Unnamed: 8    709
Unnamed: 9    421
dtype: int64

First 5 Rows:
              Thesis  ...                      Unnamed: 9
0                NaN  ...                             NaN
1                NaN  ...                             NaN
2  Types of research  ...                   Time Required
3             Thesis  ...                             NaN
4             Thesis  ...  February-January , \n12 months

[5 rows x 10 columns]
